0 info it worked if it ends with ok
1 verbose cli [ '/usr/bin/node', '/usr/bin/npm', 'publish', '--force' ]
2 info using npm@1.3.24
3 info using node@v0.10.25
4 verbose node symlink /usr/bin/node
5 warn using --force I sure hope you know what you are doing.
6 verbose publish [ '.' ]
7 verbose cache add [ '.', null ]
8 verbose cache add name=undefined spec="." args=[".",null]
9 verbose parsed url { protocol: null,
9 verbose parsed url   slashes: null,
9 verbose parsed url   auth: null,
9 verbose parsed url   host: null,
9 verbose parsed url   port: null,
9 verbose parsed url   hostname: null,
9 verbose parsed url   hash: null,
9 verbose parsed url   search: null,
9 verbose parsed url   query: null,
9 verbose parsed url   pathname: '.',
9 verbose parsed url   path: '.',
9 verbose parsed url   href: '.' }
10 silly lockFile 3a52ce78- .
11 verbose lock . /home/bradgnar/.npm/3a52ce78-.lock
12 verbose tar pack [ '/home/bradgnar/tmp/npm-8642-UxMDOU6J/1394644746402-0.3513944682199508/tmp.tgz',
12 verbose tar pack   '.' ]
13 verbose tarball /home/bradgnar/tmp/npm-8642-UxMDOU6J/1394644746402-0.3513944682199508/tmp.tgz
14 verbose folder .
15 info prepublish csv2mongo-js@0.0.3
16 silly lockFile 1f1177db-tar tar://.
17 verbose lock tar://. /home/bradgnar/.npm/1f1177db-tar.lock
18 silly lockFile a9a53fc3-46402-0-3513944682199508-tmp-tgz tar:///home/bradgnar/tmp/npm-8642-UxMDOU6J/1394644746402-0.3513944682199508/tmp.tgz
19 verbose lock tar:///home/bradgnar/tmp/npm-8642-UxMDOU6J/1394644746402-0.3513944682199508/tmp.tgz /home/bradgnar/.npm/a9a53fc3-46402-0-3513944682199508-tmp-tgz.lock
20 silly lockFile 1f1177db-tar tar://.
21 silly lockFile 1f1177db-tar tar://.
22 silly lockFile a9a53fc3-46402-0-3513944682199508-tmp-tgz tar:///home/bradgnar/tmp/npm-8642-UxMDOU6J/1394644746402-0.3513944682199508/tmp.tgz
23 silly lockFile a9a53fc3-46402-0-3513944682199508-tmp-tgz tar:///home/bradgnar/tmp/npm-8642-UxMDOU6J/1394644746402-0.3513944682199508/tmp.tgz
24 verbose tar unpack /home/bradgnar/tmp/npm-8642-UxMDOU6J/1394644746402-0.3513944682199508/tmp.tgz
25 silly lockFile b8445c6b-46402-0-3513944682199508-package tar:///home/bradgnar/tmp/npm-8642-UxMDOU6J/1394644746402-0.3513944682199508/package
26 verbose lock tar:///home/bradgnar/tmp/npm-8642-UxMDOU6J/1394644746402-0.3513944682199508/package /home/bradgnar/.npm/b8445c6b-46402-0-3513944682199508-package.lock
27 silly lockFile a9a53fc3-46402-0-3513944682199508-tmp-tgz tar:///home/bradgnar/tmp/npm-8642-UxMDOU6J/1394644746402-0.3513944682199508/tmp.tgz
28 verbose lock tar:///home/bradgnar/tmp/npm-8642-UxMDOU6J/1394644746402-0.3513944682199508/tmp.tgz /home/bradgnar/.npm/a9a53fc3-46402-0-3513944682199508-tmp-tgz.lock
29 silly gunzTarPerm modes [ '755', '644' ]
30 silly gunzTarPerm extractEntry package.json
31 silly gunzTarPerm modified mode [ 'package.json', 436, 420 ]
32 silly gunzTarPerm extractEntry .npmignore
33 silly gunzTarPerm modified mode [ '.npmignore', 436, 420 ]
34 silly gunzTarPerm extractEntry README.md
35 silly gunzTarPerm modified mode [ 'README.md', 436, 420 ]
36 silly gunzTarPerm extractEntry csv2mongo.js
37 silly gunzTarPerm extractEntry indexTrashWork.js
38 silly gunzTarPerm modified mode [ 'indexTrashWork.js', 436, 420 ]
39 silly gunzTarPerm extractEntry testDB.js
40 silly gunzTarPerm modified mode [ 'testDB.js', 436, 420 ]
41 silly gunzTarPerm extractEntry smallDB5.csv
42 silly gunzTarPerm modified mode [ 'smallDB5.csv', 436, 420 ]
43 silly gunzTarPerm extractEntry smallDB5Output.out
44 silly gunzTarPerm modified mode [ 'smallDB5Output.out', 436, 420 ]
45 silly lockFile b8445c6b-46402-0-3513944682199508-package tar:///home/bradgnar/tmp/npm-8642-UxMDOU6J/1394644746402-0.3513944682199508/package
46 silly lockFile b8445c6b-46402-0-3513944682199508-package tar:///home/bradgnar/tmp/npm-8642-UxMDOU6J/1394644746402-0.3513944682199508/package
47 silly lockFile a9a53fc3-46402-0-3513944682199508-tmp-tgz tar:///home/bradgnar/tmp/npm-8642-UxMDOU6J/1394644746402-0.3513944682199508/tmp.tgz
48 silly lockFile a9a53fc3-46402-0-3513944682199508-tmp-tgz tar:///home/bradgnar/tmp/npm-8642-UxMDOU6J/1394644746402-0.3513944682199508/tmp.tgz
49 verbose tar pack [ '/home/bradgnar/.npm/csv2mongo-js/0.0.3/package.tgz',
49 verbose tar pack   '/home/bradgnar/tmp/npm-8642-UxMDOU6J/1394644746402-0.3513944682199508/package' ]
50 verbose tarball /home/bradgnar/.npm/csv2mongo-js/0.0.3/package.tgz
51 verbose folder /home/bradgnar/tmp/npm-8642-UxMDOU6J/1394644746402-0.3513944682199508/package
52 silly lockFile b8445c6b-46402-0-3513944682199508-package tar:///home/bradgnar/tmp/npm-8642-UxMDOU6J/1394644746402-0.3513944682199508/package
53 verbose lock tar:///home/bradgnar/tmp/npm-8642-UxMDOU6J/1394644746402-0.3513944682199508/package /home/bradgnar/.npm/b8445c6b-46402-0-3513944682199508-package.lock
54 silly lockFile 0157bcfb-m-csv2mongo-js-0-0-3-package-tgz tar:///home/bradgnar/.npm/csv2mongo-js/0.0.3/package.tgz
55 verbose lock tar:///home/bradgnar/.npm/csv2mongo-js/0.0.3/package.tgz /home/bradgnar/.npm/0157bcfb-m-csv2mongo-js-0-0-3-package-tgz.lock
56 silly lockFile b8445c6b-46402-0-3513944682199508-package tar:///home/bradgnar/tmp/npm-8642-UxMDOU6J/1394644746402-0.3513944682199508/package
57 silly lockFile b8445c6b-46402-0-3513944682199508-package tar:///home/bradgnar/tmp/npm-8642-UxMDOU6J/1394644746402-0.3513944682199508/package
58 silly lockFile 0157bcfb-m-csv2mongo-js-0-0-3-package-tgz tar:///home/bradgnar/.npm/csv2mongo-js/0.0.3/package.tgz
59 silly lockFile 0157bcfb-m-csv2mongo-js-0-0-3-package-tgz tar:///home/bradgnar/.npm/csv2mongo-js/0.0.3/package.tgz
60 silly lockFile 5411de0b-r-npm-csv2mongo-js-0-0-3-package /home/bradgnar/.npm/csv2mongo-js/0.0.3/package
61 verbose lock /home/bradgnar/.npm/csv2mongo-js/0.0.3/package /home/bradgnar/.npm/5411de0b-r-npm-csv2mongo-js-0-0-3-package.lock
62 silly lockFile 5411de0b-r-npm-csv2mongo-js-0-0-3-package /home/bradgnar/.npm/csv2mongo-js/0.0.3/package
63 silly lockFile 5411de0b-r-npm-csv2mongo-js-0-0-3-package /home/bradgnar/.npm/csv2mongo-js/0.0.3/package
64 verbose tar unpack /home/bradgnar/.npm/csv2mongo-js/0.0.3/package.tgz
65 silly lockFile 2d7d0434-r-npm-csv2mongo-js-0-0-3-package tar:///home/bradgnar/.npm/csv2mongo-js/0.0.3/package
66 verbose lock tar:///home/bradgnar/.npm/csv2mongo-js/0.0.3/package /home/bradgnar/.npm/2d7d0434-r-npm-csv2mongo-js-0-0-3-package.lock
67 silly lockFile 0157bcfb-m-csv2mongo-js-0-0-3-package-tgz tar:///home/bradgnar/.npm/csv2mongo-js/0.0.3/package.tgz
68 verbose lock tar:///home/bradgnar/.npm/csv2mongo-js/0.0.3/package.tgz /home/bradgnar/.npm/0157bcfb-m-csv2mongo-js-0-0-3-package-tgz.lock
69 silly gunzTarPerm modes [ '755', '644' ]
70 silly gunzTarPerm extractEntry package.json
71 silly gunzTarPerm extractEntry .npmignore
72 silly gunzTarPerm extractEntry README.md
73 silly gunzTarPerm extractEntry csv2mongo.js
74 silly gunzTarPerm extractEntry indexTrashWork.js
75 silly gunzTarPerm extractEntry testDB.js
76 silly gunzTarPerm extractEntry smallDB5.csv
77 silly gunzTarPerm extractEntry smallDB5Output.out
78 silly lockFile 2d7d0434-r-npm-csv2mongo-js-0-0-3-package tar:///home/bradgnar/.npm/csv2mongo-js/0.0.3/package
79 silly lockFile 2d7d0434-r-npm-csv2mongo-js-0-0-3-package tar:///home/bradgnar/.npm/csv2mongo-js/0.0.3/package
80 silly lockFile 0157bcfb-m-csv2mongo-js-0-0-3-package-tgz tar:///home/bradgnar/.npm/csv2mongo-js/0.0.3/package.tgz
81 silly lockFile 0157bcfb-m-csv2mongo-js-0-0-3-package-tgz tar:///home/bradgnar/.npm/csv2mongo-js/0.0.3/package.tgz
82 verbose chmod /home/bradgnar/.npm/csv2mongo-js/0.0.3/package.tgz 644
83 verbose chown /home/bradgnar/.npm/csv2mongo-js/0.0.3/package.tgz [ 1000, 1000 ]
84 silly lockFile 3a52ce78- .
85 silly lockFile 3a52ce78- .
86 silly publish { name: 'csv2mongo-js',
86 silly publish   version: '0.0.3',
86 silly publish   description: 'Simple node based CLI tool to read a CSV file into mongoDB',
86 silly publish   main: 'index.js',
86 silly publish   scripts: { test: '' },
86 silly publish   engines: { node: '>=0.10' },
86 silly publish   repository:
86 silly publish    { type: 'git',
86 silly publish      url: 'https://github.com/bradgnar/cli_csv2mongo.git' },
86 silly publish   preferGlobal: 'true',
86 silly publish   bin: { csv2mongo: 'csv2mongo.js' },
86 silly publish   keywords: [ 'mongo', 'csv', 'json', 'CLI' ],
86 silly publish   author: { name: 'Bradgnar', email: 'bradgnar@gmail.com' },
86 silly publish   license: 'ISC',
86 silly publish   bugs: { url: 'https://github.com/bradgnar/cli_csv2mongo/issues' },
86 silly publish   homepage: 'https://github.com/bradgnar/cli_csv2mongo',
86 silly publish   dependencies: { mongodb: '~1.3.23', csv: '~0.3.7', mongoose: '~3.8.7' },
86 silly publish   readme: 'cli_csv2mongo\n=============\n\nThis will be a command line interface that will take a csv file from somewhere in the system and load it into mongodb as json objects\n\nYou can run the program with the command\n\n\tnode csv2mongo\n\nIt will need at least one, but most likely 3 arguments.\n\t\nARGUMENTS:\n- 1) The first argument should be the full file path for the file you want to read in -NOTE: it must be a csv file.\n- 2) The second argument is the db name for file.  If you don\'t enter this argument it will default to csv2mongo_db.\n- 3) The third argument is the name of the collection. This should be singular, but note that when you look up the collection it will be changed to the plural form of whatever you wrote.  This is because csv2mongo uses mongoose and mongoose automatically pluralizes the "model" name.  If you do not enter this argument it will automatically be defaulted to csv2mongo_item, and will show up in the db as a collection named csv2mongo_items.\n\nNOTE: Right now this only builds flat schemas.  I need to create a json parser/builder or something of the like, or just include one to finish the job, but for what I\'m doing I don\'t need it so I\'m not going to create it until I get a request.  Or until I have some more free time\n',
86 silly publish   readmeFilename: 'README.md',
86 silly publish   _id: 'csv2mongo-js@0.0.3',
86 silly publish   dist: { shasum: '456188d77a7fcbb92b2c266331d46b23f3fe53a2' },
86 silly publish   _from: '.' }
87 verbose url raw csv2mongo-js
88 verbose url resolving [ 'https://registry.npmjs.org/', './csv2mongo-js' ]
89 verbose url resolved https://registry.npmjs.org/csv2mongo-js
90 info trying registry request attempt 1 at 13:19:06
91 http PUT https://registry.npmjs.org/csv2mongo-js
92 http 403 https://registry.npmjs.org/csv2mongo-js
93 error publish Failed PUT undefined
94 error Error: login error
94 error     at RegClient.<anonymous> (/usr/lib/node_modules/npm/node_modules/npm-registry-client/lib/request.js:82:22)
94 error     at CouchLogin.<anonymous> (/usr/lib/node_modules/npm/node_modules/npm-registry-client/node_modules/couch-login/couch-login.js:191:14)
94 error     at CouchLogin.<anonymous> (/usr/lib/node_modules/npm/node_modules/npm-registry-client/node_modules/couch-login/couch-login.js:173:46)
94 error     at Request.self.callback (/usr/lib/node_modules/npm/node_modules/request/request.js:123:22)
94 error     at Request.EventEmitter.emit (events.js:98:17)
94 error     at Request.<anonymous> (/usr/lib/node_modules/npm/node_modules/request/request.js:893:14)
94 error     at Request.EventEmitter.emit (events.js:117:20)
94 error     at IncomingMessage.<anonymous> (/usr/lib/node_modules/npm/node_modules/request/request.js:844:12)
94 error     at IncomingMessage.EventEmitter.emit (events.js:117:20)
94 error     at _stream_readable.js:920:16
95 error If you need help, you may report this *entire* log,
95 error including the npm and node versions, at:
95 error     <http://github.com/isaacs/npm/issues>
96 error System Linux 3.8.0-35-generic
97 error command "/usr/bin/node" "/usr/bin/npm" "publish" "--force"
98 error cwd /home/bradgnar/grad_project/cli_csv2mongo
99 error node -v v0.10.25
100 error npm -v 1.3.24
101 verbose exit [ 1, true ]
